Process Queue cron starting at Sun, 03 Jun 2012 21:41:39 +0000

Searching for song SCREAM by USHER
Same-station match found with songid 35511776, deleting
Different-station match found with songid 35511776
Inserting with matched songid 35511776

Searching for song STARSHIPS by NICKI MINAJ
Different-station match found with songid 34694471
Same-station match found with songid 34694471, deleting
Inserting with matched songid 34694471

Searching for song CALL ME MAYBE by CARLY RAE JEPSEN
Same-station match found with songid 33123639, deleting
Inserting with matched songid 33123639

Searching for song WE RUN THE NIGHT by HAVANA BROWN
Same-station match found with songid 31444512, deleting
Inserting with matched songid 31444512

Searching for song STEREO HEARTS by GYM CLASS HEROES
Different-station match found with songid 33344090
Same-station match found with songid 33344090, deleting
Inserting with matched songid 33344090

Searching for song STRONGER (WHAT DOESN'T KILL .. by KELLY CLARKSON
Same-station match found with songid 33313479, deleting
Inserting with matched songid 33313479

Searching for song GOOD FEELING by FLO RIDA
Different-station match found with songid 33071285
Same-station match found with songid 33071285, deleting
Inserting with matched songid 33071285

Searching for song WE ARE YOUNG by FUN.
Same-station match found with songid 33019589, deleting
Different-station match found with songid 33019589
Different-station match found with songid 33019589
Inserting with matched songid 33019589

Searching for song TURN ME ON by DAVID GUETTA
Same-station match found with songid 32772772, deleting
Different-station match found with songid 32772772
Inserting with matched songid 32772772

Searching for song WHAT MAKES YOU BEAUTIFUL by ONE DIRECTION
Same-station match found with songid 32251225, deleting
Inserting with matched songid 32251225

Searching for song NOTHINGMAN by PEARL JAM
Same-station match found with songid 31409739, deleting
Inserting with matched songid 31409739

Searching for song NO LIGHT, NO LIGHT by FLORENCE + THE MACHINE
Same-station match found with songid 35259104, deleting
Different-station match found with songid 35259104
Inserting with matched songid 35259104

Searching for song IF I EVER LOSE MY FAITH IN YOU by STING
Same-station match found with songid 24204566, deleting
Inserting with matched songid 24204566

Searching for song JINGO by SANTANA
Same-station match found with songid 23352305, deleting
Inserting with matched songid 23352305

Searching for song TEEN ANGST (WHAT THE WORLD by CRACKER
Same-station match found with songid 25121425, deleting
Inserting with matched songid 25121425

Searching for song I STILL HAVEN'T FOUND WHAT by U2
Same-station match found with songid 11263030, deleting
Different-station match found with songid 11263030
Different-station match found with songid 11263030
Inserting with matched songid 11263030

Searching for song JUKE BOX HERO by FOREIGNER
Same-station match found with songid 32957807, deleting
Inserting with matched songid 32957807

Searching for song ROCK'N ME by STEVE MILLER
Same-station match found with songid 28619379, deleting
Inserting with matched songid 28619379

Searching for song DON'T STOP by FLEETWOOD MAC
Same-station match found with songid 7182082, deleting
Inserting with matched songid 7182082

Searching for song HAIR OF THE DOG by NAZARETH
Same-station match found with songid 24491888, deleting
Inserting with matched songid 24491888

Searching for song BLACK VELVET by ALANNAH MYLES
Same-station match found with songid 26599762, deleting
Inserting with matched songid 26599762

Searching for song I'LL WAIT by VAN HALEN
Same-station match found with songid 24455880, deleting
Inserting with matched songid 24455880

Searching for song GLORY DAYS by BRUCE SPRINGSTEEN
Different-station match found with songid 29836522
Same-station match found with songid 29836522, deleting
Inserting with matched songid 29836522

Searching for song WHOLE LOTTA LOVE by LED ZEPPELIN
Same-station match found with songid 21865956, deleting
Inserting with matched songid 21865956

Searching for song TAKE ME HOME TONIGHT by EDDIE MONEY
Same-station match found with songid 24751243, deleting
Inserting with matched songid 24751243

Searching for song ANIMAL by DEF LEPPARD
Same-station match found with songid 24617319, deleting
Inserting with matched songid 24617319

Searching for song LET'S GO by CALVIN HARRIS
Same-station match found with songid 34885061, deleting
Different-station match found with songid 34885061
Inserting with matched songid 34885061

Searching for song DRANK IN MY CUP by KIRKO BANGZ
Same-station match found with songid 32934204, deleting
Inserting with matched songid 32934204

Searching for song GET LOW by LIL JON & THE EAST SIDE BOYZ
Different-station match found with songid 5372
Same-station match found with songid 5372, deleting
Inserting with matched songid 5372

Searching for song TAKE CARE by DRAKE
Same-station match found with songid 33600231, deleting
Different-station match found with songid 33600231
Inserting with matched songid 33600231

Searching for song BACK SEAT by NEW BOYZ
Same-station match found with songid 28620838, deleting
Inserting with matched songid 28620838

Searching for song WORK HARD, PLAY HARD by WIZ KHALIFA
Different-station match found with songid 35483196
Same-station match found with songid 35483196, deleting
Inserting with matched songid 35483196

Searching for song BOTH OF US by B.O.B
Same-station match found with songid 35310950, deleting
Inserting with matched songid 35310950

Searching for song UNTHINKABLE (I'M READY) by ALICIA KEYS
Same-station match found with songid 23610749, deleting
Inserting with matched songid 23610749

Beginning updating of station stats
Station 2: 0 searches 10 inserts
Station 7: 0 searches 6 inserts
Station 8: 0 searches 10 inserts
Station 9: 0 searches 8 inserts
