Parsing of source http://www.kvrk.com/7sunlog.html starting at Sat, 02 Jun 2012 16:25:41 +0000
Inserted Free by Building 429
Inserted Live Like That by Sidewalk Prophets
Inserted Not What You See by Kutless
Inserted Where I Belong by Building 429
Inserted Watching It Fall Apart by Slow Coming Day
Inserted The Kind That Could by rod laver
Inserted Radiator by Family Force 5
Inserted Slumber by NEEDTOBREATHE
Inserted Tonight We Ride by Reform The Resistance
Inserted Hit The Floor by Thousand Foot Krutch
Inserted Cut &#38 Move by Day Of Fire
Inserted Run To You by Silversyde
Inserted What About Tonight by 7eventh Time Down
Inserted Who We Are by RED
Inserted Direction by High Flight Society
Inserted Shook by Thousand Foot Krutch
Inserted Let&#39s Stand Together by The Kry
Inserted If I Told You It Was The End Of The Worl by Bride
Inserted You Make Me, Me by MXPX
Inserted Watch Me Fall by Please Promise
Inserted Shine On by Our Heart&#39s Hero
Inserted The Glorious Ones by Tree 63
Inserted Dreams by Pioneer
Inserted Desperate by Fireflight
Inserted Break Me by Tragedy Ann
Inserted Your Love is Strong by Jon Foreman
Inserted Great I Am by RE: Zound
Inserted Fall On Me by Whiteheart
Inserted Oceans From The Rain by Seventh Day Slumber
Inserted You Are by Ruth
Inserted It&#39s Our Time by Luminate
Inserted Made to Love by TobyMac
Inserted Do Or Die by Adelaine
Inserted Proclaim by The Red Airplanes
Inserted All Over Me by The Benjamin Gate
Inserted Miracle by Mike Mains &#38 The Branches
Inserted Where I Belong by Building 429
Inserted Fix The Pieces by Scarlet Fade
Inserted Save Me by Devin Williams
Inserted Lost So Long by Children 18:3
Inserted More by Poor Old Lu
Inserted Disaster by Willet
Inserted Get Back by Nine Lashes
Inserted One Shot by Hawk Nelson
Inserted Wasted Life by Seventh Day Slumber
Inserted Destroyer by Project 86
Inserted Bionic Son by Scarecrow &#38 Tinmen
Inserted Learn From The Night by Sent By Ravens
Inserted Free by Strange Celebrity
Inserted Savior Of My Universe by All Star United
